                                      1 ;--------------------------------------------------------
                                      2 ; File Created by SDCC : free open source ANSI-C Compiler
                                      3 ; Version 3.8.0 #10562 (MINGW64)
                                      4 ;--------------------------------------------------------
                                      5 	.module main
                                      6 	.optsdcc -mmcs51 --model-small
                                      7 	
                                      8 ;--------------------------------------------------------
                                      9 ; Public variables in this module
                                     10 ;--------------------------------------------------------
                                     11 	.globl _timer0
                                     12 	.globl _main
                                     13 	.globl _CY
                                     14 	.globl _AC
                                     15 	.globl _F0
                                     16 	.globl _RS1
                                     17 	.globl _RS0
                                     18 	.globl _OV
                                     19 	.globl _F1
                                     20 	.globl _P
                                     21 	.globl _PS
                                     22 	.globl _PT1
                                     23 	.globl _PX1
                                     24 	.globl _PT0
                                     25 	.globl _PX0
                                     26 	.globl _RD
                                     27 	.globl _WR
                                     28 	.globl _T1
                                     29 	.globl _T0
                                     30 	.globl _INT1
                                     31 	.globl _INT0
                                     32 	.globl _TXD
                                     33 	.globl _RXD
                                     34 	.globl _P3_7
                                     35 	.globl _P3_6
                                     36 	.globl _P3_5
                                     37 	.globl _P3_4
                                     38 	.globl _P3_3
                                     39 	.globl _P3_2
                                     40 	.globl _P3_1
                                     41 	.globl _P3_0
                                     42 	.globl _EA
                                     43 	.globl _ES
                                     44 	.globl _ET1
                                     45 	.globl _EX1
                                     46 	.globl _ET0
                                     47 	.globl _EX0
                                     48 	.globl _P2_7
                                     49 	.globl _P2_6
                                     50 	.globl _P2_5
                                     51 	.globl _P2_4
                                     52 	.globl _P2_3
                                     53 	.globl _P2_2
                                     54 	.globl _P2_1
                                     55 	.globl _P2_0
                                     56 	.globl _SM0
                                     57 	.globl _SM1
                                     58 	.globl _SM2
                                     59 	.globl _REN
                                     60 	.globl _TB8
                                     61 	.globl _RB8
                                     62 	.globl _TI
                                     63 	.globl _RI
                                     64 	.globl _P1_7
                                     65 	.globl _P1_6
                                     66 	.globl _P1_5
                                     67 	.globl _P1_4
                                     68 	.globl _P1_3
                                     69 	.globl _P1_2
                                     70 	.globl _P1_1
                                     71 	.globl _P1_0
                                     72 	.globl _TF1
                                     73 	.globl _TR1
                                     74 	.globl _TF0
                                     75 	.globl _TR0
                                     76 	.globl _IE1
                                     77 	.globl _IT1
                                     78 	.globl _IE0
                                     79 	.globl _IT0
                                     80 	.globl _P0_7
                                     81 	.globl _P0_6
                                     82 	.globl _P0_5
                                     83 	.globl _P0_4
                                     84 	.globl _P0_3
                                     85 	.globl _P0_2
                                     86 	.globl _P0_1
                                     87 	.globl _P0_0
                                     88 	.globl _B
                                     89 	.globl _ACC
                                     90 	.globl _PSW
                                     91 	.globl _IP
                                     92 	.globl _P3
                                     93 	.globl _IE
                                     94 	.globl _P2
                                     95 	.globl _SBUF
                                     96 	.globl _SCON
                                     97 	.globl _P1
                                     98 	.globl _TH1
                                     99 	.globl _TH0
                                    100 	.globl _TL1
                                    101 	.globl _TL0
                                    102 	.globl _TMOD
                                    103 	.globl _TCON
                                    104 	.globl _PCON
                                    105 	.globl _DPH
                                    106 	.globl _DPL
                                    107 	.globl _SP
                                    108 	.globl _P0
                                    109 	.globl _direct
                                    110 	.globl _step
                                    111 	.globl _sw
                                    112 	.globl _times
                                    113 	.globl _count
                                    114 	.globl _AAA
                                    115 	.globl _Ans
                                    116 	.globl _view
                                    117 	.globl _GetKey
                                    118 ;--------------------------------------------------------
                                    119 ; special function registers
                                    120 ;--------------------------------------------------------
                                    121 	.area RSEG    (ABS,DATA)
      000000                        122 	.org 0x0000
                           000080   123 _P0	=	0x0080
                           000081   124 _SP	=	0x0081
                           000082   125 _DPL	=	0x0082
                           000083   126 _DPH	=	0x0083
                           000087   127 _PCON	=	0x0087
                           000088   128 _TCON	=	0x0088
                           000089   129 _TMOD	=	0x0089
                           00008A   130 _TL0	=	0x008a
                           00008B   131 _TL1	=	0x008b
                           00008C   132 _TH0	=	0x008c
                           00008D   133 _TH1	=	0x008d
                           000090   134 _P1	=	0x0090
                           000098   135 _SCON	=	0x0098
                           000099   136 _SBUF	=	0x0099
                           0000A0   137 _P2	=	0x00a0
                           0000A8   138 _IE	=	0x00a8
                           0000B0   139 _P3	=	0x00b0
                           0000B8   140 _IP	=	0x00b8
                           0000D0   141 _PSW	=	0x00d0
                           0000E0   142 _ACC	=	0x00e0
                           0000F0   143 _B	=	0x00f0
                                    144 ;--------------------------------------------------------
                                    145 ; special function bits
                                    146 ;--------------------------------------------------------
                                    147 	.area RSEG    (ABS,DATA)
      000000                        148 	.org 0x0000
                           000080   149 _P0_0	=	0x0080
                           000081   150 _P0_1	=	0x0081
                           000082   151 _P0_2	=	0x0082
                           000083   152 _P0_3	=	0x0083
                           000084   153 _P0_4	=	0x0084
                           000085   154 _P0_5	=	0x0085
                           000086   155 _P0_6	=	0x0086
                           000087   156 _P0_7	=	0x0087
                           000088   157 _IT0	=	0x0088
                           000089   158 _IE0	=	0x0089
                           00008A   159 _IT1	=	0x008a
                           00008B   160 _IE1	=	0x008b
                           00008C   161 _TR0	=	0x008c
                           00008D   162 _TF0	=	0x008d
                           00008E   163 _TR1	=	0x008e
                           00008F   164 _TF1	=	0x008f
                           000090   165 _P1_0	=	0x0090
                           000091   166 _P1_1	=	0x0091
                           000092   167 _P1_2	=	0x0092
                           000093   168 _P1_3	=	0x0093
                           000094   169 _P1_4	=	0x0094
                           000095   170 _P1_5	=	0x0095
                           000096   171 _P1_6	=	0x0096
                           000097   172 _P1_7	=	0x0097
                           000098   173 _RI	=	0x0098
                           000099   174 _TI	=	0x0099
                           00009A   175 _RB8	=	0x009a
                           00009B   176 _TB8	=	0x009b
                           00009C   177 _REN	=	0x009c
                           00009D   178 _SM2	=	0x009d
                           00009E   179 _SM1	=	0x009e
                           00009F   180 _SM0	=	0x009f
                           0000A0   181 _P2_0	=	0x00a0
                           0000A1   182 _P2_1	=	0x00a1
                           0000A2   183 _P2_2	=	0x00a2
                           0000A3   184 _P2_3	=	0x00a3
                           0000A4   185 _P2_4	=	0x00a4
                           0000A5   186 _P2_5	=	0x00a5
                           0000A6   187 _P2_6	=	0x00a6
                           0000A7   188 _P2_7	=	0x00a7
                           0000A8   189 _EX0	=	0x00a8
                           0000A9   190 _ET0	=	0x00a9
                           0000AA   191 _EX1	=	0x00aa
                           0000AB   192 _ET1	=	0x00ab
                           0000AC   193 _ES	=	0x00ac
                           0000AF   194 _EA	=	0x00af
                           0000B0   195 _P3_0	=	0x00b0
                           0000B1   196 _P3_1	=	0x00b1
                           0000B2   197 _P3_2	=	0x00b2
                           0000B3   198 _P3_3	=	0x00b3
                           0000B4   199 _P3_4	=	0x00b4
                           0000B5   200 _P3_5	=	0x00b5
                           0000B6   201 _P3_6	=	0x00b6
                           0000B7   202 _P3_7	=	0x00b7
                           0000B0   203 _RXD	=	0x00b0
                           0000B1   204 _TXD	=	0x00b1
                           0000B2   205 _INT0	=	0x00b2
                           0000B3   206 _INT1	=	0x00b3
                           0000B4   207 _T0	=	0x00b4
                           0000B5   208 _T1	=	0x00b5
                           0000B6   209 _WR	=	0x00b6
                           0000B7   210 _RD	=	0x00b7
                           0000B8   211 _PX0	=	0x00b8
                           0000B9   212 _PT0	=	0x00b9
                           0000BA   213 _PX1	=	0x00ba
                           0000BB   214 _PT1	=	0x00bb
                           0000BC   215 _PS	=	0x00bc
                           0000D0   216 _P	=	0x00d0
                           0000D1   217 _F1	=	0x00d1
                           0000D2   218 _OV	=	0x00d2
                           0000D3   219 _RS0	=	0x00d3
                           0000D4   220 _RS1	=	0x00d4
                           0000D5   221 _F0	=	0x00d5
                           0000D6   222 _AC	=	0x00d6
                           0000D7   223 _CY	=	0x00d7
                                    224 ;--------------------------------------------------------
                                    225 ; overlayable register banks
                                    226 ;--------------------------------------------------------
                                    227 	.area REG_BANK_0	(REL,OVR,DATA)
      000000                        228 	.ds 8
                                    229 	.area REG_BANK_1	(REL,OVR,DATA)
      000000                        230 	.ds 8
                                    231 ;--------------------------------------------------------
                                    232 ; internal ram data
                                    233 ;--------------------------------------------------------
                                    234 	.area DSEG    (DATA)
      000000                        235 _Ans::
      000000                        236 	.ds 6
      000006                        237 _AAA::
      000006                        238 	.ds 2
      000008                        239 _count::
      000008                        240 	.ds 2
      00000A                        241 _times::
      00000A                        242 	.ds 2
      00000C                        243 _sw::
      00000C                        244 	.ds 2
      00000E                        245 _step::
      00000E                        246 	.ds 1
                                    247 ;--------------------------------------------------------
                                    248 ; overlayable items in internal ram 
                                    249 ;--------------------------------------------------------
                                    250 	.area	OSEG    (OVR,DATA)
                                    251 ;--------------------------------------------------------
                                    252 ; Stack segment in internal ram 
                                    253 ;--------------------------------------------------------
                                    254 	.area	SSEG
      000000                        255 __start__stack:
      000000                        256 	.ds	1
                                    257 
                                    258 ;--------------------------------------------------------
                                    259 ; indirectly addressable internal ram data
                                    260 ;--------------------------------------------------------
                                    261 	.area ISEG    (DATA)
                                    262 ;--------------------------------------------------------
                                    263 ; absolute internal ram data
                                    264 ;--------------------------------------------------------
                                    265 	.area IABS    (ABS,DATA)
                                    266 	.area IABS    (ABS,DATA)
                                    267 ;--------------------------------------------------------
                                    268 ; bit data
                                    269 ;--------------------------------------------------------
                                    270 	.area BSEG    (BIT)
      000000                        271 _direct::
      000000                        272 	.ds 1
                                    273 ;--------------------------------------------------------
                                    274 ; paged external ram data
                                    275 ;--------------------------------------------------------
                                    276 	.area PSEG    (PAG,XDATA)
                                    277 ;--------------------------------------------------------
                                    278 ; external ram data
                                    279 ;--------------------------------------------------------
                                    280 	.area XSEG    (XDATA)
                                    281 ;--------------------------------------------------------
                                    282 ; absolute external ram data
                                    283 ;--------------------------------------------------------
                                    284 	.area XABS    (ABS,XDATA)
                                    285 ;--------------------------------------------------------
                                    286 ; external initialized ram data
                                    287 ;--------------------------------------------------------
                                    288 	.area XISEG   (XDATA)
                                    289 	.area HOME    (CODE)
                                    290 	.area GSINIT0 (CODE)
                                    291 	.area GSINIT1 (CODE)
                                    292 	.area GSINIT2 (CODE)
                                    293 	.area GSINIT3 (CODE)
                                    294 	.area GSINIT4 (CODE)
                                    295 	.area GSINIT5 (CODE)
                                    296 	.area GSINIT  (CODE)
                                    297 	.area GSFINAL (CODE)
                                    298 	.area CSEG    (CODE)
                                    299 ;--------------------------------------------------------
                                    300 ; interrupt vector 
                                    301 ;--------------------------------------------------------
                                    302 	.area HOME    (CODE)
      000000                        303 __interrupt_vect:
      000000 02r00r00         [24]  304 	ljmp	__sdcc_gsinit_startup
      000003 32               [24]  305 	reti
      000004                        306 	.ds	7
      00000B 02r01r10         [24]  307 	ljmp	_timer0
                                    308 ;--------------------------------------------------------
                                    309 ; global & static initialisations
                                    310 ;--------------------------------------------------------
                                    311 	.area HOME    (CODE)
                                    312 	.area GSINIT  (CODE)
                                    313 	.area GSFINAL (CODE)
                                    314 	.area GSINIT  (CODE)
                                    315 	.globl __sdcc_gsinit_startup
                                    316 	.globl __sdcc_program_startup
                                    317 	.globl __start__stack
                                    318 	.globl __mcs51_genXINIT
                                    319 	.globl __mcs51_genXRAMCLEAR
                                    320 	.globl __mcs51_genRAMCLEAR
                                    321 ;	main.c:3: unsigned Ans[3] = {0, 0, 0};
      000000 E4               [12]  322 	clr	a
      000001 F5*00            [12]  323 	mov	(_Ans + 0),a
      000003 F5*01            [12]  324 	mov	(_Ans + 1),a
      000005 F5*02            [12]  325 	mov	((_Ans + 0x0002) + 0),a
      000007 F5*03            [12]  326 	mov	((_Ans + 0x0002) + 1),a
      000009 F5*04            [12]  327 	mov	((_Ans + 0x0004) + 0),a
      00000B F5*05            [12]  328 	mov	((_Ans + 0x0004) + 1),a
                                    329 ;	main.c:4: int AAA=60536;
      00000D 75*06 78         [24]  330 	mov	_AAA,#0x78
      000010 75*07 EC         [24]  331 	mov	(_AAA + 1),#0xec
                                    332 ;	main.c:5: int count = 800;
      000013 75*08 20         [24]  333 	mov	_count,#0x20
      000016 75*09 03         [24]  334 	mov	(_count + 1),#0x03
                                    335 ;	main.c:6: unsigned times = 0;
      000019 F5*0A            [12]  336 	mov	_times,a
      00001B F5*0B            [12]  337 	mov	(_times + 1),a
                                    338 ;	main.c:7: unsigned sw = 1;
      00001D 75*0C 01         [24]  339 	mov	_sw,#0x01
                                    340 ;	1-genFromRTrack replaced	mov	(_sw + 1),#0x00
      000020 F5*0D            [12]  341 	mov	(_sw + 1),a
                                    342 ;	main.c:8: unsigned char step=0x01; 
      000022 75*0E 01         [24]  343 	mov	_step,#0x01
                                    344 ;	main.c:9: __bit direct = 0;
                                    345 ;	assignBit
      000025 C2*00            [12]  346 	clr	_direct
                                    347 	.area GSFINAL (CODE)
      000000 02r00r0E         [24]  348 	ljmp	__sdcc_program_startup
                                    349 ;--------------------------------------------------------
                                    350 ; Home
                                    351 ;--------------------------------------------------------
                                    352 	.area HOME    (CODE)
                                    353 	.area HOME    (CODE)
      00000E                        354 __sdcc_program_startup:
      00000E 02r00r00         [24]  355 	ljmp	_main
                                    356 ;	return from main will return to caller
                                    357 ;--------------------------------------------------------
                                    358 ; code
                                    359 ;--------------------------------------------------------
                                    360 	.area CSEG    (CODE)
                                    361 ;------------------------------------------------------------
                                    362 ;Allocation info for local variables in function 'main'
                                    363 ;------------------------------------------------------------
                                    364 ;P                         Allocated to registers r6 r7 
                                    365 ;------------------------------------------------------------
                                    366 ;	main.c:14: void main()
                                    367 ;	-----------------------------------------
                                    368 ;	 function main
                                    369 ;	-----------------------------------------
      000000                        370 _main:
                           000007   371 	ar7 = 0x07
                           000006   372 	ar6 = 0x06
                           000005   373 	ar5 = 0x05
                           000004   374 	ar4 = 0x04
                           000003   375 	ar3 = 0x03
                           000002   376 	ar2 = 0x02
                           000001   377 	ar1 = 0x01
                           000000   378 	ar0 = 0x00
                                    379 ;	main.c:16: IE = 0x82;
      000000 75 A8 82         [24]  380 	mov	_IE,#0x82
                                    381 ;	main.c:17: TMOD = 0x11;
      000003 75 89 11         [24]  382 	mov	_TMOD,#0x11
                                    383 ;	main.c:19: TH0 = AAA >> 8;
      000006 85*07 8C         [24]  384 	mov	_TH0,(_AAA + 1)
                                    385 ;	main.c:20: TL0 = AAA & 0xff;
      000009 85*06 8A         [24]  386 	mov	_TL0,_AAA
                                    387 ;	main.c:21: TR0 = 0;
                                    388 ;	assignBit
      00000C C2 8C            [12]  389 	clr	_TR0
                                    390 ;	main.c:24: while (1)
      00000E                        391 00112$:
                                    392 ;	main.c:26: int P = GetKey();
      00000E 12r01rC4         [24]  393 	lcall	_GetKey
      000011 AE 82            [24]  394 	mov	r6,dpl
      000013 AF 83            [24]  395 	mov	r7,dph
                                    396 ;	main.c:27: if (P != -1)
      000015 BE FF 06         [24]  397 	cjne	r6,#0xff,00136$
      000018 BF FF 03         [24]  398 	cjne	r7,#0xff,00136$
      00001B 02r01r0A         [24]  399 	ljmp	00110$
      00001E                        400 00136$:
                                    401 ;	main.c:28: if (P < 10)
      00001E C3               [12]  402 	clr	c
      00001F EE               [12]  403 	mov	a,r6
      000020 94 0A            [12]  404 	subb	a,#0x0a
      000022 EF               [12]  405 	mov	a,r7
      000023 64 80            [12]  406 	xrl	a,#0x80
      000025 94 80            [12]  407 	subb	a,#0x80
      000027 50 17            [24]  408 	jnc	00107$
                                    409 ;	main.c:30: Ans[0] = Ans[1];
      000029 AC*02            [24]  410 	mov	r4,((_Ans + 0x0002) + 0)
      00002B AD*03            [24]  411 	mov	r5,((_Ans + 0x0002) + 1)
      00002D 8C*00            [24]  412 	mov	(_Ans + 0),r4
      00002F 8D*01            [24]  413 	mov	(_Ans + 1),r5
                                    414 ;	main.c:31: Ans[1] = Ans[2];
      000031 AC*04            [24]  415 	mov	r4,((_Ans + 0x0004) + 0)
      000033 AD*05            [24]  416 	mov	r5,((_Ans + 0x0004) + 1)
      000035 8C*02            [24]  417 	mov	((_Ans + 0x0002) + 0),r4
      000037 8D*03            [24]  418 	mov	((_Ans + 0x0002) + 1),r5
                                    419 ;	main.c:32: Ans[2] = P;
      000039 8E*04            [24]  420 	mov	((_Ans + 0x0004) + 0),r6
      00003B 8F*05            [24]  421 	mov	((_Ans + 0x0004) + 1),r7
      00003D 02r01r0A         [24]  422 	ljmp	00110$
      000040                        423 00107$:
                                    424 ;	main.c:34: else if (P == 10)
      000040 BE 0A 63         [24]  425 	cjne	r6,#0x0a,00104$
      000043 BF 00 60         [24]  426 	cjne	r7,#0x00,00104$
                                    427 ;	main.c:37: TR0 = 1;
                                    428 ;	assignBit
      000046 D2 8C            [12]  429 	setb	_TR0
                                    430 ;	main.c:38: direct = 0;
                                    431 ;	assignBit
      000048 C2*00            [12]  432 	clr	_direct
                                    433 ;	main.c:39: count = (Ans[0] * 100 + Ans[1] * 10 + Ans[2]) * 5 / 9;
      00004A 85*00*00         [24]  434 	mov	__mulint_PARM_2,(_Ans + 0)
      00004D 85*01*01         [24]  435 	mov	(__mulint_PARM_2 + 1),(_Ans + 1)
      000050 90 00 64         [24]  436 	mov	dptr,#0x0064
      000053 12r00r00         [24]  437 	lcall	__mulint
      000056 AC 82            [24]  438 	mov	r4,dpl
      000058 AD 83            [24]  439 	mov	r5,dph
      00005A 85*02*00         [24]  440 	mov	__mulint_PARM_2,((_Ans + 0x0002) + 0)
      00005D 85*03*01         [24]  441 	mov	(__mulint_PARM_2 + 1),((_Ans + 0x0002) + 1)
      000060 90 00 0A         [24]  442 	mov	dptr,#0x000a
      000063 C0 05            [24]  443 	push	ar5
      000065 C0 04            [24]  444 	push	ar4
      000067 12r00r00         [24]  445 	lcall	__mulint
      00006A AA 82            [24]  446 	mov	r2,dpl
      00006C AB 83            [24]  447 	mov	r3,dph
      00006E D0 04            [24]  448 	pop	ar4
      000070 D0 05            [24]  449 	pop	ar5
      000072 EA               [12]  450 	mov	a,r2
      000073 2C               [12]  451 	add	a,r4
      000074 FC               [12]  452 	mov	r4,a
      000075 EB               [12]  453 	mov	a,r3
      000076 3D               [12]  454 	addc	a,r5
      000077 FD               [12]  455 	mov	r5,a
      000078 E5*04            [12]  456 	mov	a,(_Ans + 0x0004)
      00007A 2C               [12]  457 	add	a,r4
      00007B F5*00            [12]  458 	mov	__mulint_PARM_2,a
      00007D E5*05            [12]  459 	mov	a,((_Ans + 0x0004) + 1)
      00007F 3D               [12]  460 	addc	a,r5
      000080 F5*01            [12]  461 	mov	(__mulint_PARM_2 + 1),a
      000082 90 00 05         [24]  462 	mov	dptr,#0x0005
      000085 12r00r00         [24]  463 	lcall	__mulint
      000088 75*00 09         [24]  464 	mov	__divuint_PARM_2,#0x09
      00008B 75*01 00         [24]  465 	mov	(__divuint_PARM_2 + 1),#0x00
      00008E 12r00r00         [24]  466 	lcall	__divuint
      000091 85 82*08         [24]  467 	mov	_count,dpl
      000094 85 83*09         [24]  468 	mov	(_count + 1),dph
                                    469 ;	main.c:42: Ans[0] = 0;
      000097 E4               [12]  470 	clr	a
      000098 F5*00            [12]  471 	mov	(_Ans + 0),a
      00009A F5*01            [12]  472 	mov	(_Ans + 1),a
                                    473 ;	main.c:43: Ans[1] = 0;
      00009C F5*02            [12]  474 	mov	((_Ans + 0x0002) + 0),a
      00009E F5*03            [12]  475 	mov	((_Ans + 0x0002) + 1),a
                                    476 ;	main.c:44: Ans[2] = 0;
      0000A0 F5*04            [12]  477 	mov	((_Ans + 0x0004) + 0),a
      0000A2 F5*05            [12]  478 	mov	((_Ans + 0x0004) + 1),a
      0000A4 80 64            [24]  479 	sjmp	00110$
      0000A6                        480 00104$:
                                    481 ;	main.c:46: else if (P == 11)
      0000A6 BE 0B 61         [24]  482 	cjne	r6,#0x0b,00110$
      0000A9 BF 00 5E         [24]  483 	cjne	r7,#0x00,00110$
                                    484 ;	main.c:49: TR0 = 1;
                                    485 ;	assignBit
      0000AC D2 8C            [12]  486 	setb	_TR0
                                    487 ;	main.c:50: direct = 1;
                                    488 ;	assignBit
      0000AE D2*00            [12]  489 	setb	_direct
                                    490 ;	main.c:51: count = (Ans[0] * 100 + Ans[1] * 10 + Ans[2]) * 5 / 9;
      0000B0 85*00*00         [24]  491 	mov	__mulint_PARM_2,(_Ans + 0)
      0000B3 85*01*01         [24]  492 	mov	(__mulint_PARM_2 + 1),(_Ans + 1)
      0000B6 90 00 64         [24]  493 	mov	dptr,#0x0064
      0000B9 12r00r00         [24]  494 	lcall	__mulint
      0000BC AE 82            [24]  495 	mov	r6,dpl
      0000BE AF 83            [24]  496 	mov	r7,dph
      0000C0 85*02*00         [24]  497 	mov	__mulint_PARM_2,((_Ans + 0x0002) + 0)
      0000C3 85*03*01         [24]  498 	mov	(__mulint_PARM_2 + 1),((_Ans + 0x0002) + 1)
      0000C6 90 00 0A         [24]  499 	mov	dptr,#0x000a
      0000C9 C0 07            [24]  500 	push	ar7
      0000CB C0 06            [24]  501 	push	ar6
      0000CD 12r00r00         [24]  502 	lcall	__mulint
      0000D0 AC 82            [24]  503 	mov	r4,dpl
      0000D2 AD 83            [24]  504 	mov	r5,dph
      0000D4 D0 06            [24]  505 	pop	ar6
      0000D6 D0 07            [24]  506 	pop	ar7
      0000D8 EC               [12]  507 	mov	a,r4
      0000D9 2E               [12]  508 	add	a,r6
      0000DA FE               [12]  509 	mov	r6,a
      0000DB ED               [12]  510 	mov	a,r5
      0000DC 3F               [12]  511 	addc	a,r7
      0000DD FF               [12]  512 	mov	r7,a
      0000DE E5*04            [12]  513 	mov	a,(_Ans + 0x0004)
      0000E0 2E               [12]  514 	add	a,r6
      0000E1 F5*00            [12]  515 	mov	__mulint_PARM_2,a
      0000E3 E5*05            [12]  516 	mov	a,((_Ans + 0x0004) + 1)
      0000E5 3F               [12]  517 	addc	a,r7
      0000E6 F5*01            [12]  518 	mov	(__mulint_PARM_2 + 1),a
      0000E8 90 00 05         [24]  519 	mov	dptr,#0x0005
      0000EB 12r00r00         [24]  520 	lcall	__mulint
      0000EE 75*00 09         [24]  521 	mov	__divuint_PARM_2,#0x09
      0000F1 75*01 00         [24]  522 	mov	(__divuint_PARM_2 + 1),#0x00
      0000F4 12r00r00         [24]  523 	lcall	__divuint
      0000F7 85 82*08         [24]  524 	mov	_count,dpl
      0000FA 85 83*09         [24]  525 	mov	(_count + 1),dph
                                    526 ;	main.c:55: Ans[0] = 0;
      0000FD E4               [12]  527 	clr	a
      0000FE F5*00            [12]  528 	mov	(_Ans + 0),a
      000100 F5*01            [12]  529 	mov	(_Ans + 1),a
                                    530 ;	main.c:56: Ans[1] = 0;
      000102 F5*02            [12]  531 	mov	((_Ans + 0x0002) + 0),a
      000104 F5*03            [12]  532 	mov	((_Ans + 0x0002) + 1),a
                                    533 ;	main.c:57: Ans[2] = 0;
      000106 F5*04            [12]  534 	mov	((_Ans + 0x0004) + 0),a
      000108 F5*05            [12]  535 	mov	((_Ans + 0x0004) + 1),a
      00010A                        536 00110$:
                                    537 ;	main.c:60: view();
      00010A 12r01r6E         [24]  538 	lcall	_view
                                    539 ;	main.c:62: }
      00010D 02r00r0E         [24]  540 	ljmp	00112$
                                    541 ;------------------------------------------------------------
                                    542 ;Allocation info for local variables in function 'timer0'
                                    543 ;------------------------------------------------------------
                                    544 ;	main.c:64: void timer0 (void) __interrupt (1) __using (1)
                                    545 ;	-----------------------------------------
                                    546 ;	 function timer0
                                    547 ;	-----------------------------------------
      000110                        548 _timer0:
                           00000F   549 	ar7 = 0x0f
                           00000E   550 	ar6 = 0x0e
                           00000D   551 	ar5 = 0x0d
                           00000C   552 	ar4 = 0x0c
                           00000B   553 	ar3 = 0x0b
                           00000A   554 	ar2 = 0x0a
                           000009   555 	ar1 = 0x09
                           000008   556 	ar0 = 0x08
      000110 C0 E0            [24]  557 	push	acc
      000112 C0 F0            [24]  558 	push	b
      000114 C0 D0            [24]  559 	push	psw
      000116 75 D0 08         [24]  560 	mov	psw,#0x08
                                    561 ;	main.c:67: TH0 = AAA >> 8;
      000119 85*07 8C         [24]  562 	mov	_TH0,(_AAA + 1)
                                    563 ;	main.c:68: TL0 = AAA & 0xff;
      00011C 85*06 8A         [24]  564 	mov	_TL0,_AAA
                                    565 ;	main.c:70: if(direct==1)
      00011F 30*00 14         [24]  566 	jnb	_direct,00106$
                                    567 ;	main.c:72: step>>=1; 
      000122 E5*0E            [12]  568 	mov	a,_step
      000124 C3               [12]  569 	clr	c
      000125 13               [12]  570 	rrc	a
                                    571 ;	main.c:73: if(step==0x00)
      000126 F5*0E            [12]  572 	mov	_step,a
      000128 70 03            [24]  573 	jnz	00102$
                                    574 ;	main.c:74: step=0x08; 
      00012A 75*0E 08         [24]  575 	mov	_step,#0x08
      00012D                        576 00102$:
                                    577 ;	main.c:76: P0&=0xf0; 
      00012D 53 80 F0         [24]  578 	anl	_P0,#0xf0
                                    579 ;	main.c:77: P0|=step; 
      000130 E5*0E            [12]  580 	mov	a,_step
      000132 42 80            [12]  581 	orl	_P0,a
      000134 80 16            [24]  582 	sjmp	00107$
      000136                        583 00106$:
                                    584 ;	main.c:81: step<<=1; 
      000136 E5*0E            [12]  585 	mov	a,_step
      000138 FF               [12]  586 	mov	r7,a
      000139 25 E0            [12]  587 	add	a,acc
      00013B F5*0E            [12]  588 	mov	_step,a
                                    589 ;	main.c:82: if(step==0x10) 
      00013D 74 10            [12]  590 	mov	a,#0x10
      00013F B5*0E 03         [24]  591 	cjne	a,_step,00104$
                                    592 ;	main.c:83: step=0x01; 
      000142 75*0E 01         [24]  593 	mov	_step,#0x01
      000145                        594 00104$:
                                    595 ;	main.c:85: P0&=0xf0; 
      000145 53 80 F0         [24]  596 	anl	_P0,#0xf0
                                    597 ;	main.c:86: P0|=step;
      000148 E5*0E            [12]  598 	mov	a,_step
      00014A 42 80            [12]  599 	orl	_P0,a
      00014C                        600 00107$:
                                    601 ;	main.c:89: if (--count<=0)
      00014C 15*08            [12]  602 	dec	_count
      00014E 74 FF            [12]  603 	mov	a,#0xff
      000150 B5*08 02         [24]  604 	cjne	a,_count,00132$
      000153 15*09            [12]  605 	dec	(_count + 1)
      000155                        606 00132$:
      000155 C3               [12]  607 	clr	c
      000156 E4               [12]  608 	clr	a
      000157 95*08            [12]  609 	subb	a,_count
      000159 74 80            [12]  610 	mov	a,#(0x00 ^ 0x80)
      00015B 85*09 F0         [24]  611 	mov	b,(_count + 1)
      00015E 63 F0 80         [24]  612 	xrl	b,#0x80
      000161 95 F0            [12]  613 	subb	a,b
      000163 40 02            [24]  614 	jc	00110$
                                    615 ;	main.c:90: TR0 = 0;
                                    616 ;	assignBit
      000165 C2 8C            [12]  617 	clr	_TR0
      000167                        618 00110$:
                                    619 ;	main.c:91: }
      000167 D0 D0            [24]  620 	pop	psw
      000169 D0 F0            [24]  621 	pop	b
      00016B D0 E0            [24]  622 	pop	acc
      00016D 32               [24]  623 	reti
                                    624 ;	eliminated unneeded push/pop dpl
                                    625 ;	eliminated unneeded push/pop dph
                                    626 ;------------------------------------------------------------
                                    627 ;Allocation info for local variables in function 'view'
                                    628 ;------------------------------------------------------------
                                    629 ;i                         Allocated to registers r6 r7 
                                    630 ;------------------------------------------------------------
                                    631 ;	main.c:93: void view()
                                    632 ;	-----------------------------------------
                                    633 ;	 function view
                                    634 ;	-----------------------------------------
      00016E                        635 _view:
                           000007   636 	ar7 = 0x07
                           000006   637 	ar6 = 0x06
                           000005   638 	ar5 = 0x05
                           000004   639 	ar4 = 0x04
                           000003   640 	ar3 = 0x03
                           000002   641 	ar2 = 0x02
                           000001   642 	ar1 = 0x01
                           000000   643 	ar0 = 0x00
                                    644 ;	main.c:97: for (i=0; i<55; i++);
      00016E 7E 37            [12]  645 	mov	r6,#0x37
      000170 7F 00            [12]  646 	mov	r7,#0x00
      000172                        647 00108$:
      000172 1E               [12]  648 	dec	r6
      000173 BE FF 01         [24]  649 	cjne	r6,#0xff,00148$
      000176 1F               [12]  650 	dec	r7
      000177                        651 00148$:
      000177 EE               [12]  652 	mov	a,r6
      000178 4F               [12]  653 	orl	a,r7
      000179 70 F7            [24]  654 	jnz	00108$
                                    655 ;	main.c:98: P1 = Ans[0] + 0x70;
      00017B AF*00            [24]  656 	mov	r7,_Ans
      00017D 74 70            [12]  657 	mov	a,#0x70
      00017F 2F               [12]  658 	add	a,r7
      000180 F5 90            [12]  659 	mov	_P1,a
                                    660 ;	main.c:99: for (i=0; i<55; i++);
      000182 7E 37            [12]  661 	mov	r6,#0x37
      000184 7F 00            [12]  662 	mov	r7,#0x00
      000186                        663 00111$:
      000186 1E               [12]  664 	dec	r6
      000187 BE FF 01         [24]  665 	cjne	r6,#0xff,00150$
      00018A 1F               [12]  666 	dec	r7
      00018B                        667 00150$:
      00018B EE               [12]  668 	mov	a,r6
      00018C 4F               [12]  669 	orl	a,r7
      00018D 70 F7            [24]  670 	jnz	00111$
                                    671 ;	main.c:100: P1 = Ans[1] + 0xb0;
      00018F AF*02            [24]  672 	mov	r7,(_Ans + 0x0002)
      000191 74 B0            [12]  673 	mov	a,#0xb0
      000193 2F               [12]  674 	add	a,r7
      000194 F5 90            [12]  675 	mov	_P1,a
                                    676 ;	main.c:101: for (i=0; i<55; i++);
      000196 7E 37            [12]  677 	mov	r6,#0x37
      000198 7F 00            [12]  678 	mov	r7,#0x00
      00019A                        679 00114$:
      00019A 1E               [12]  680 	dec	r6
      00019B BE FF 01         [24]  681 	cjne	r6,#0xff,00152$
      00019E 1F               [12]  682 	dec	r7
      00019F                        683 00152$:
      00019F EE               [12]  684 	mov	a,r6
      0001A0 4F               [12]  685 	orl	a,r7
      0001A1 70 F7            [24]  686 	jnz	00114$
                                    687 ;	main.c:102: P1 = Ans[2] + 0xd0;
      0001A3 AF*04            [24]  688 	mov	r7,(_Ans + 0x0004)
      0001A5 74 D0            [12]  689 	mov	a,#0xd0
      0001A7 2F               [12]  690 	add	a,r7
      0001A8 F5 90            [12]  691 	mov	_P1,a
                                    692 ;	main.c:104: times++;
      0001AA 05*0A            [12]  693 	inc	_times
      0001AC E4               [12]  694 	clr	a
      0001AD B5*0A 02         [24]  695 	cjne	a,_times,00154$
      0001B0 05*0B            [12]  696 	inc	(_times + 1)
      0001B2                        697 00154$:
                                    698 ;	main.c:105: if (times > 792)
      0001B2 C3               [12]  699 	clr	c
      0001B3 74 18            [12]  700 	mov	a,#0x18
      0001B5 95*0A            [12]  701 	subb	a,_times
      0001B7 74 03            [12]  702 	mov	a,#0x03
      0001B9 95*0B            [12]  703 	subb	a,(_times + 1)
      0001BB 50 06            [24]  704 	jnc	00115$
                                    705 ;	main.c:106: sw = 1;
      0001BD 75*0C 01         [24]  706 	mov	_sw,#0x01
      0001C0 75*0D 00         [24]  707 	mov	(_sw + 1),#0x00
      0001C3                        708 00115$:
                                    709 ;	main.c:107: }
      0001C3 22               [24]  710 	ret
                                    711 ;------------------------------------------------------------
                                    712 ;Allocation info for local variables in function 'GetKey'
                                    713 ;------------------------------------------------------------
                                    714 ;p                         Allocated to registers r6 r7 
                                    715 ;q                         Allocated to registers r2 r3 
                                    716 ;------------------------------------------------------------
                                    717 ;	main.c:108: int GetKey()
                                    718 ;	-----------------------------------------
                                    719 ;	 function GetKey
                                    720 ;	-----------------------------------------
      0001C4                        721 _GetKey:
                                    722 ;	main.c:111: for (p=0; p<4; p++)
      0001C4 7E 00            [12]  723 	mov	r6,#0x00
      0001C6 7F 00            [12]  724 	mov	r7,#0x00
      0001C8 7C 00            [12]  725 	mov	r4,#0x00
      0001CA 7D 00            [12]  726 	mov	r5,#0x00
      0001CC                        727 00111$:
                                    728 ;	main.c:113: P2 = ((~(1<<p))<<4) | 0xf;
      0001CC 8C 03            [24]  729 	mov	ar3,r4
      0001CE 8B F0            [24]  730 	mov	b,r3
      0001D0 05 F0            [12]  731 	inc	b
      0001D2 74 01            [12]  732 	mov	a,#0x01
      0001D4 80 02            [24]  733 	sjmp	00142$
      0001D6                        734 00140$:
      0001D6 25 E0            [12]  735 	add	a,acc
      0001D8                        736 00142$:
      0001D8 D5 F0 FB         [24]  737 	djnz	b,00140$
      0001DB F4               [12]  738 	cpl	a
      0001DC C4               [12]  739 	swap	a
      0001DD 54 F0            [12]  740 	anl	a,#0xf0
      0001DF FB               [12]  741 	mov	r3,a
      0001E0 33               [12]  742 	rlc	a
      0001E1 95 E0            [12]  743 	subb	a,acc
      0001E3 43 03 0F         [24]  744 	orl	ar3,#0x0f
      0001E6 8B A0            [24]  745 	mov	_P2,r3
                                    746 ;	main.c:114: if ( ((P2 & 0xf) != 0xf) && (sw == 1) )
      0001E8 AA A0            [24]  747 	mov	r2,_P2
      0001EA 53 02 0F         [24]  748 	anl	ar2,#0x0f
      0001ED 7B 00            [12]  749 	mov	r3,#0x00
      0001EF BA 0F 06         [24]  750 	cjne	r2,#0x0f,00143$
      0001F2 BB 00 03         [24]  751 	cjne	r3,#0x00,00143$
      0001F5 02r02r86         [24]  752 	ljmp	00112$
      0001F8                        753 00143$:
      0001F8 74 01            [12]  754 	mov	a,#0x01
      0001FA B5*0C 06         [24]  755 	cjne	a,_sw,00144$
      0001FD 14               [12]  756 	dec	a
      0001FE B5*0D 02         [24]  757 	cjne	a,(_sw + 1),00144$
      000201 80 03            [24]  758 	sjmp	00145$
      000203                        759 00144$:
      000203 02r02r86         [24]  760 	ljmp	00112$
      000206                        761 00145$:
                                    762 ;	main.c:116: for (q=0; q<4; q++)
      000206 7A 00            [12]  763 	mov	r2,#0x00
      000208 7B 00            [12]  764 	mov	r3,#0x00
      00020A                        765 00109$:
                                    766 ;	main.c:117: if (P2 % 2 == 1)
      00020A A8 A0            [24]  767 	mov	r0,_P2
      00020C 79 00            [12]  768 	mov	r1,#0x00
      00020E 75*00 02         [24]  769 	mov	__modsint_PARM_2,#0x02
                                    770 ;	1-genFromRTrack replaced	mov	(__modsint_PARM_2 + 1),#0x00
      000211 89*01            [24]  771 	mov	(__modsint_PARM_2 + 1),r1
      000213 88 82            [24]  772 	mov	dpl,r0
      000215 89 83            [24]  773 	mov	dph,r1
      000217 C0 07            [24]  774 	push	ar7
      000219 C0 06            [24]  775 	push	ar6
      00021B C0 03            [24]  776 	push	ar3
      00021D C0 02            [24]  777 	push	ar2
      00021F 12r00r00         [24]  778 	lcall	__modsint
      000222 A8 82            [24]  779 	mov	r0,dpl
      000224 A9 83            [24]  780 	mov	r1,dph
      000226 D0 02            [24]  781 	pop	ar2
      000228 D0 03            [24]  782 	pop	ar3
      00022A D0 06            [24]  783 	pop	ar6
      00022C D0 07            [24]  784 	pop	ar7
      00022E B8 01 37         [24]  785 	cjne	r0,#0x01,00104$
      000231 B9 00 34         [24]  786 	cjne	r1,#0x00,00104$
                                    787 ;	main.c:118: P2 /= 2;
      000234 A8 A0            [24]  788 	mov	r0,_P2
      000236 79 00            [12]  789 	mov	r1,#0x00
      000238 75*00 02         [24]  790 	mov	__divsint_PARM_2,#0x02
                                    791 ;	1-genFromRTrack replaced	mov	(__divsint_PARM_2 + 1),#0x00
      00023B 89*01            [24]  792 	mov	(__divsint_PARM_2 + 1),r1
      00023D 88 82            [24]  793 	mov	dpl,r0
      00023F 89 83            [24]  794 	mov	dph,r1
      000241 C0 07            [24]  795 	push	ar7
      000243 C0 06            [24]  796 	push	ar6
      000245 C0 03            [24]  797 	push	ar3
      000247 C0 02            [24]  798 	push	ar2
      000249 12r00r00         [24]  799 	lcall	__divsint
      00024C A8 82            [24]  800 	mov	r0,dpl
      00024E A9 83            [24]  801 	mov	r1,dph
      000250 D0 02            [24]  802 	pop	ar2
      000252 D0 03            [24]  803 	pop	ar3
      000254 D0 06            [24]  804 	pop	ar6
      000256 D0 07            [24]  805 	pop	ar7
      000258 88 A0            [24]  806 	mov	_P2,r0
                                    807 ;	main.c:116: for (q=0; q<4; q++)
      00025A 0A               [12]  808 	inc	r2
      00025B BA 00 01         [24]  809 	cjne	r2,#0x00,00148$
      00025E 0B               [12]  810 	inc	r3
      00025F                        811 00148$:
      00025F C3               [12]  812 	clr	c
      000260 EA               [12]  813 	mov	a,r2
      000261 94 04            [12]  814 	subb	a,#0x04
      000263 EB               [12]  815 	mov	a,r3
      000264 94 00            [12]  816 	subb	a,#0x00
      000266 40 A2            [24]  817 	jc	00109$
      000268                        818 00104$:
                                    819 ;	main.c:121: sw = 0;
      000268 E4               [12]  820 	clr	a
      000269 F5*0C            [12]  821 	mov	_sw,a
      00026B F5*0D            [12]  822 	mov	(_sw + 1),a
                                    823 ;	main.c:122: times = 0;
      00026D F5*0A            [12]  824 	mov	_times,a
      00026F F5*0B            [12]  825 	mov	(_times + 1),a
                                    826 ;	main.c:123: return 4*p+q;	//1e?U?e?Jao-E(10?i|i)
      000271 EE               [12]  827 	mov	a,r6
      000272 2E               [12]  828 	add	a,r6
      000273 F8               [12]  829 	mov	r0,a
      000274 EF               [12]  830 	mov	a,r7
      000275 33               [12]  831 	rlc	a
      000276 F9               [12]  832 	mov	r1,a
      000277 E8               [12]  833 	mov	a,r0
      000278 28               [12]  834 	add	a,r0
      000279 F8               [12]  835 	mov	r0,a
      00027A E9               [12]  836 	mov	a,r1
      00027B 33               [12]  837 	rlc	a
      00027C F9               [12]  838 	mov	r1,a
      00027D EA               [12]  839 	mov	a,r2
      00027E 28               [12]  840 	add	a,r0
      00027F F5 82            [12]  841 	mov	dpl,a
      000281 EB               [12]  842 	mov	a,r3
      000282 39               [12]  843 	addc	a,r1
      000283 F5 83            [12]  844 	mov	dph,a
      000285 22               [24]  845 	ret
      000286                        846 00112$:
                                    847 ;	main.c:111: for (p=0; p<4; p++)
      000286 0C               [12]  848 	inc	r4
      000287 BC 00 01         [24]  849 	cjne	r4,#0x00,00150$
      00028A 0D               [12]  850 	inc	r5
      00028B                        851 00150$:
      00028B 8C 06            [24]  852 	mov	ar6,r4
      00028D 8D 07            [24]  853 	mov	ar7,r5
      00028F C3               [12]  854 	clr	c
      000290 EC               [12]  855 	mov	a,r4
      000291 94 04            [12]  856 	subb	a,#0x04
      000293 ED               [12]  857 	mov	a,r5
      000294 94 00            [12]  858 	subb	a,#0x00
      000296 50 03            [24]  859 	jnc	00151$
      000298 02r01rCC         [24]  860 	ljmp	00111$
      00029B                        861 00151$:
                                    862 ;	main.c:126: return -1;
      00029B 90 FF FF         [24]  863 	mov	dptr,#0xffff
                                    864 ;	main.c:127: }
      00029E 22               [24]  865 	ret
                                    866 	.area CSEG    (CODE)
                                    867 	.area CONST   (CODE)
                                    868 	.area XINIT   (CODE)
                                    869 	.area CABS    (ABS,CODE)
