                                      1 ;--------------------------------------------------------
                                      2 ; File Created by SDCC : free open source ANSI-C Compiler
                                      3 ; Version 3.8.0 #10562 (MINGW64)
                                      4 ;--------------------------------------------------------
                                      5 	.module Keypad4x4
                                      6 	.optsdcc -mmcs51 --model-small
                                      7 	
                                      8 ;--------------------------------------------------------
                                      9 ; Public variables in this module
                                     10 ;--------------------------------------------------------
                                     11 	.globl _CY
                                     12 	.globl _AC
                                     13 	.globl _F0
                                     14 	.globl _RS1
                                     15 	.globl _RS0
                                     16 	.globl _OV
                                     17 	.globl _F1
                                     18 	.globl _P
                                     19 	.globl _PS
                                     20 	.globl _PT1
                                     21 	.globl _PX1
                                     22 	.globl _PT0
                                     23 	.globl _PX0
                                     24 	.globl _RD
                                     25 	.globl _WR
                                     26 	.globl _T1
                                     27 	.globl _T0
                                     28 	.globl _INT1
                                     29 	.globl _INT0
                                     30 	.globl _TXD
                                     31 	.globl _RXD
                                     32 	.globl _P3_7
                                     33 	.globl _P3_6
                                     34 	.globl _P3_5
                                     35 	.globl _P3_4
                                     36 	.globl _P3_3
                                     37 	.globl _P3_2
                                     38 	.globl _P3_1
                                     39 	.globl _P3_0
                                     40 	.globl _EA
                                     41 	.globl _ES
                                     42 	.globl _ET1
                                     43 	.globl _EX1
                                     44 	.globl _ET0
                                     45 	.globl _EX0
                                     46 	.globl _P2_7
                                     47 	.globl _P2_6
                                     48 	.globl _P2_5
                                     49 	.globl _P2_4
                                     50 	.globl _P2_3
                                     51 	.globl _P2_2
                                     52 	.globl _P2_1
                                     53 	.globl _P2_0
                                     54 	.globl _SM0
                                     55 	.globl _SM1
                                     56 	.globl _SM2
                                     57 	.globl _REN
                                     58 	.globl _TB8
                                     59 	.globl _RB8
                                     60 	.globl _TI
                                     61 	.globl _RI
                                     62 	.globl _P1_7
                                     63 	.globl _P1_6
                                     64 	.globl _P1_5
                                     65 	.globl _P1_4
                                     66 	.globl _P1_3
                                     67 	.globl _P1_2
                                     68 	.globl _P1_1
                                     69 	.globl _P1_0
                                     70 	.globl _TF1
                                     71 	.globl _TR1
                                     72 	.globl _TF0
                                     73 	.globl _TR0
                                     74 	.globl _IE1
                                     75 	.globl _IT1
                                     76 	.globl _IE0
                                     77 	.globl _IT0
                                     78 	.globl _P0_7
                                     79 	.globl _P0_6
                                     80 	.globl _P0_5
                                     81 	.globl _P0_4
                                     82 	.globl _P0_3
                                     83 	.globl _P0_2
                                     84 	.globl _P0_1
                                     85 	.globl _P0_0
                                     86 	.globl _B
                                     87 	.globl _ACC
                                     88 	.globl _PSW
                                     89 	.globl _IP
                                     90 	.globl _P3
                                     91 	.globl _IE
                                     92 	.globl _P2
                                     93 	.globl _SBUF
                                     94 	.globl _SCON
                                     95 	.globl _P1
                                     96 	.globl _TH1
                                     97 	.globl _TH0
                                     98 	.globl _TL1
                                     99 	.globl _TL0
                                    100 	.globl _TMOD
                                    101 	.globl _TCON
                                    102 	.globl _PCON
                                    103 	.globl _DPH
                                    104 	.globl _DPL
                                    105 	.globl _SP
                                    106 	.globl _P0
                                    107 	.globl _keyPressed
                                    108 ;--------------------------------------------------------
                                    109 ; special function registers
                                    110 ;--------------------------------------------------------
                                    111 	.area RSEG    (ABS,DATA)
      000000                        112 	.org 0x0000
                           000080   113 _P0	=	0x0080
                           000081   114 _SP	=	0x0081
                           000082   115 _DPL	=	0x0082
                           000083   116 _DPH	=	0x0083
                           000087   117 _PCON	=	0x0087
                           000088   118 _TCON	=	0x0088
                           000089   119 _TMOD	=	0x0089
                           00008A   120 _TL0	=	0x008a
                           00008B   121 _TL1	=	0x008b
                           00008C   122 _TH0	=	0x008c
                           00008D   123 _TH1	=	0x008d
                           000090   124 _P1	=	0x0090
                           000098   125 _SCON	=	0x0098
                           000099   126 _SBUF	=	0x0099
                           0000A0   127 _P2	=	0x00a0
                           0000A8   128 _IE	=	0x00a8
                           0000B0   129 _P3	=	0x00b0
                           0000B8   130 _IP	=	0x00b8
                           0000D0   131 _PSW	=	0x00d0
                           0000E0   132 _ACC	=	0x00e0
                           0000F0   133 _B	=	0x00f0
                                    134 ;--------------------------------------------------------
                                    135 ; special function bits
                                    136 ;--------------------------------------------------------
                                    137 	.area RSEG    (ABS,DATA)
      000000                        138 	.org 0x0000
                           000080   139 _P0_0	=	0x0080
                           000081   140 _P0_1	=	0x0081
                           000082   141 _P0_2	=	0x0082
                           000083   142 _P0_3	=	0x0083
                           000084   143 _P0_4	=	0x0084
                           000085   144 _P0_5	=	0x0085
                           000086   145 _P0_6	=	0x0086
                           000087   146 _P0_7	=	0x0087
                           000088   147 _IT0	=	0x0088
                           000089   148 _IE0	=	0x0089
                           00008A   149 _IT1	=	0x008a
                           00008B   150 _IE1	=	0x008b
                           00008C   151 _TR0	=	0x008c
                           00008D   152 _TF0	=	0x008d
                           00008E   153 _TR1	=	0x008e
                           00008F   154 _TF1	=	0x008f
                           000090   155 _P1_0	=	0x0090
                           000091   156 _P1_1	=	0x0091
                           000092   157 _P1_2	=	0x0092
                           000093   158 _P1_3	=	0x0093
                           000094   159 _P1_4	=	0x0094
                           000095   160 _P1_5	=	0x0095
                           000096   161 _P1_6	=	0x0096
                           000097   162 _P1_7	=	0x0097
                           000098   163 _RI	=	0x0098
                           000099   164 _TI	=	0x0099
                           00009A   165 _RB8	=	0x009a
                           00009B   166 _TB8	=	0x009b
                           00009C   167 _REN	=	0x009c
                           00009D   168 _SM2	=	0x009d
                           00009E   169 _SM1	=	0x009e
                           00009F   170 _SM0	=	0x009f
                           0000A0   171 _P2_0	=	0x00a0
                           0000A1   172 _P2_1	=	0x00a1
                           0000A2   173 _P2_2	=	0x00a2
                           0000A3   174 _P2_3	=	0x00a3
                           0000A4   175 _P2_4	=	0x00a4
                           0000A5   176 _P2_5	=	0x00a5
                           0000A6   177 _P2_6	=	0x00a6
                           0000A7   178 _P2_7	=	0x00a7
                           0000A8   179 _EX0	=	0x00a8
                           0000A9   180 _ET0	=	0x00a9
                           0000AA   181 _EX1	=	0x00aa
                           0000AB   182 _ET1	=	0x00ab
                           0000AC   183 _ES	=	0x00ac
                           0000AF   184 _EA	=	0x00af
                           0000B0   185 _P3_0	=	0x00b0
                           0000B1   186 _P3_1	=	0x00b1
                           0000B2   187 _P3_2	=	0x00b2
                           0000B3   188 _P3_3	=	0x00b3
                           0000B4   189 _P3_4	=	0x00b4
                           0000B5   190 _P3_5	=	0x00b5
                           0000B6   191 _P3_6	=	0x00b6
                           0000B7   192 _P3_7	=	0x00b7
                           0000B0   193 _RXD	=	0x00b0
                           0000B1   194 _TXD	=	0x00b1
                           0000B2   195 _INT0	=	0x00b2
                           0000B3   196 _INT1	=	0x00b3
                           0000B4   197 _T0	=	0x00b4
                           0000B5   198 _T1	=	0x00b5
                           0000B6   199 _WR	=	0x00b6
                           0000B7   200 _RD	=	0x00b7
                           0000B8   201 _PX0	=	0x00b8
                           0000B9   202 _PT0	=	0x00b9
                           0000BA   203 _PX1	=	0x00ba
                           0000BB   204 _PT1	=	0x00bb
                           0000BC   205 _PS	=	0x00bc
                           0000D0   206 _P	=	0x00d0
                           0000D1   207 _F1	=	0x00d1
                           0000D2   208 _OV	=	0x00d2
                           0000D3   209 _RS0	=	0x00d3
                           0000D4   210 _RS1	=	0x00d4
                           0000D5   211 _F0	=	0x00d5
                           0000D6   212 _AC	=	0x00d6
                           0000D7   213 _CY	=	0x00d7
                                    214 ;--------------------------------------------------------
                                    215 ; overlayable register banks
                                    216 ;--------------------------------------------------------
                                    217 	.area REG_BANK_0	(REL,OVR,DATA)
      000000                        218 	.ds 8
                                    219 ;--------------------------------------------------------
                                    220 ; internal ram data
                                    221 ;--------------------------------------------------------
                                    222 	.area DSEG    (DATA)
                                    223 ;--------------------------------------------------------
                                    224 ; overlayable items in internal ram 
                                    225 ;--------------------------------------------------------
                                    226 	.area	OSEG    (OVR,DATA)
      000000                        227 _keyPressed_row_65536_2:
      000000                        228 	.ds 2
                                    229 ;--------------------------------------------------------
                                    230 ; indirectly addressable internal ram data
                                    231 ;--------------------------------------------------------
                                    232 	.area ISEG    (DATA)
                                    233 ;--------------------------------------------------------
                                    234 ; absolute internal ram data
                                    235 ;--------------------------------------------------------
                                    236 	.area IABS    (ABS,DATA)
                                    237 	.area IABS    (ABS,DATA)
                                    238 ;--------------------------------------------------------
                                    239 ; bit data
                                    240 ;--------------------------------------------------------
                                    241 	.area BSEG    (BIT)
                                    242 ;--------------------------------------------------------
                                    243 ; paged external ram data
                                    244 ;--------------------------------------------------------
                                    245 	.area PSEG    (PAG,XDATA)
                                    246 ;--------------------------------------------------------
                                    247 ; external ram data
                                    248 ;--------------------------------------------------------
                                    249 	.area XSEG    (XDATA)
                                    250 ;--------------------------------------------------------
                                    251 ; absolute external ram data
                                    252 ;--------------------------------------------------------
                                    253 	.area XABS    (ABS,XDATA)
                                    254 ;--------------------------------------------------------
                                    255 ; external initialized ram data
                                    256 ;--------------------------------------------------------
                                    257 	.area XISEG   (XDATA)
                                    258 	.area HOME    (CODE)
                                    259 	.area GSINIT0 (CODE)
                                    260 	.area GSINIT1 (CODE)
                                    261 	.area GSINIT2 (CODE)
                                    262 	.area GSINIT3 (CODE)
                                    263 	.area GSINIT4 (CODE)
                                    264 	.area GSINIT5 (CODE)
                                    265 	.area GSINIT  (CODE)
                                    266 	.area GSFINAL (CODE)
                                    267 	.area CSEG    (CODE)
                                    268 ;--------------------------------------------------------
                                    269 ; global & static initialisations
                                    270 ;--------------------------------------------------------
                                    271 	.area HOME    (CODE)
                                    272 	.area GSINIT  (CODE)
                                    273 	.area GSFINAL (CODE)
                                    274 	.area GSINIT  (CODE)
                                    275 ;--------------------------------------------------------
                                    276 ; Home
                                    277 ;--------------------------------------------------------
                                    278 	.area HOME    (CODE)
                                    279 	.area HOME    (CODE)
                                    280 ;--------------------------------------------------------
                                    281 ; code
                                    282 ;--------------------------------------------------------
                                    283 	.area CSEG    (CODE)
                                    284 ;------------------------------------------------------------
                                    285 ;Allocation info for local variables in function 'keyPressed'
                                    286 ;------------------------------------------------------------
                                    287 ;row                       Allocated with name '_keyPressed_row_65536_2'
                                    288 ;c                         Allocated to registers r4 r5 
                                    289 ;col                       Allocated to registers r2 r3 
                                    290 ;magic                     Allocated to registers r7 r6 
                                    291 ;------------------------------------------------------------
                                    292 ;	Keypad4x4.c:3: short keyPressed(short row) {
                                    293 ;	-----------------------------------------
                                    294 ;	 function keyPressed
                                    295 ;	-----------------------------------------
      000000                        296 _keyPressed:
                           000007   297 	ar7 = 0x07
                           000006   298 	ar6 = 0x06
                           000005   299 	ar5 = 0x05
                           000004   300 	ar4 = 0x04
                           000003   301 	ar3 = 0x03
                           000002   302 	ar2 = 0x02
                           000001   303 	ar1 = 0x01
                           000000   304 	ar0 = 0x00
      000000 85 82*00         [24]  305 	mov	_keyPressed_row_65536_2,dpl
      000003 85 83*01         [24]  306 	mov	(_keyPressed_row_65536_2 + 1),dph
                                    307 ;	Keypad4x4.c:4: if((P2 & 0b11110000) != 0b11110000){
      000006 AC A0            [24]  308 	mov	r4,_P2
      000008 53 04 F0         [24]  309 	anl	ar4,#0xf0
      00000B 7D 00            [12]  310 	mov	r5,#0x00
      00000D BC F0 05         [24]  311 	cjne	r4,#0xf0,00127$
      000010 BD 00 02         [24]  312 	cjne	r5,#0x00,00127$
      000013 80 55            [24]  313 	sjmp	00105$
      000015                        314 00127$:
                                    315 ;	Keypad4x4.c:5: for (short c = 1, col = 0; col < 4; c *= 2, col++) {
      000015 7C 01            [12]  316 	mov	r4,#0x01
      000017 7D 00            [12]  317 	mov	r5,#0x00
      000019 7A 00            [12]  318 	mov	r2,#0x00
      00001B 7B 00            [12]  319 	mov	r3,#0x00
      00001D 78 00            [12]  320 	mov	r0,#0x00
      00001F 79 00            [12]  321 	mov	r1,#0x00
      000021                        322 00107$:
      000021 C3               [12]  323 	clr	c
      000022 E8               [12]  324 	mov	a,r0
      000023 94 04            [12]  325 	subb	a,#0x04
      000025 E9               [12]  326 	mov	a,r1
      000026 64 80            [12]  327 	xrl	a,#0x80
      000028 94 80            [12]  328 	subb	a,#0x80
      00002A 50 3E            [24]  329 	jnc	00105$
                                    330 ;	Keypad4x4.c:6: `			short magic = ((P2 >> 4) ^ 0b11111111) & 0b00001111;
      00002C E5 A0            [12]  331 	mov	a,_P2
      00002E C4               [12]  332 	swap	a
      00002F 54 0F            [12]  333 	anl	a,#0x0f
      000031 FF               [12]  334 	mov	r7,a
      000032 63 07 FF         [24]  335 	xrl	ar7,#0xff
      000035 53 07 0F         [24]  336 	anl	ar7,#0x0f
      000038 7E 00            [12]  337 	mov	r6,#0x00
                                    338 ;	Keypad4x4.c:7: if (magic == c) {
      00003A EF               [12]  339 	mov	a,r7
      00003B B5 04 1B         [24]  340 	cjne	a,ar4,00108$
      00003E EE               [12]  341 	mov	a,r6
      00003F B5 05 17         [24]  342 	cjne	a,ar5,00108$
                                    343 ;	Keypad4x4.c:8: return col * 4 + row;
      000042 EA               [12]  344 	mov	a,r2
      000043 2A               [12]  345 	add	a,r2
      000044 FE               [12]  346 	mov	r6,a
      000045 EB               [12]  347 	mov	a,r3
      000046 33               [12]  348 	rlc	a
      000047 FF               [12]  349 	mov	r7,a
      000048 EE               [12]  350 	mov	a,r6
      000049 2E               [12]  351 	add	a,r6
      00004A FE               [12]  352 	mov	r6,a
      00004B EF               [12]  353 	mov	a,r7
      00004C 33               [12]  354 	rlc	a
      00004D FF               [12]  355 	mov	r7,a
      00004E E5*00            [12]  356 	mov	a,_keyPressed_row_65536_2
      000050 2E               [12]  357 	add	a,r6
      000051 F5 82            [12]  358 	mov	dpl,a
      000053 E5*01            [12]  359 	mov	a,(_keyPressed_row_65536_2 + 1)
      000055 3F               [12]  360 	addc	a,r7
      000056 F5 83            [12]  361 	mov	dph,a
      000058 22               [24]  362 	ret
      000059                        363 00108$:
                                    364 ;	Keypad4x4.c:5: for (short c = 1, col = 0; col < 4; c *= 2, col++) {
      000059 EC               [12]  365 	mov	a,r4
      00005A 2C               [12]  366 	add	a,r4
      00005B FC               [12]  367 	mov	r4,a
      00005C ED               [12]  368 	mov	a,r5
      00005D 33               [12]  369 	rlc	a
      00005E FD               [12]  370 	mov	r5,a
      00005F 08               [12]  371 	inc	r0
      000060 B8 00 01         [24]  372 	cjne	r0,#0x00,00131$
      000063 09               [12]  373 	inc	r1
      000064                        374 00131$:
      000064 88 02            [24]  375 	mov	ar2,r0
      000066 89 03            [24]  376 	mov	ar3,r1
      000068 80 B7            [24]  377 	sjmp	00107$
      00006A                        378 00105$:
                                    379 ;	Keypad4x4.c:12: return -1;
      00006A 90 FF FF         [24]  380 	mov	dptr,#0xffff
                                    381 ;	Keypad4x4.c:13: }
      00006D 22               [24]  382 	ret
                                    383 	.area CSEG    (CODE)
                                    384 	.area CONST   (CODE)
                                    385 	.area XINIT   (CODE)
                                    386 	.area CABS    (ABS,CODE)
