                                      1 ;--------------------------------------------------------
                                      2 ; File Created by SDCC : free open source ANSI-C Compiler
                                      3 ; Version 3.8.0 #10562 (MINGW64)
                                      4 ;--------------------------------------------------------
                                      5 	.module LED_Display
                                      6 	.optsdcc -mmcs51 --model-small
                                      7 	
                                      8 ;--------------------------------------------------------
                                      9 ; Public variables in this module
                                     10 ;--------------------------------------------------------
                                     11 	.globl _LED_Display_PARM_2
                                     12 	.globl _CY
                                     13 	.globl _AC
                                     14 	.globl _F0
                                     15 	.globl _RS1
                                     16 	.globl _RS0
                                     17 	.globl _OV
                                     18 	.globl _F1
                                     19 	.globl _P
                                     20 	.globl _PS
                                     21 	.globl _PT1
                                     22 	.globl _PX1
                                     23 	.globl _PT0
                                     24 	.globl _PX0
                                     25 	.globl _RD
                                     26 	.globl _WR
                                     27 	.globl _T1
                                     28 	.globl _T0
                                     29 	.globl _INT1
                                     30 	.globl _INT0
                                     31 	.globl _TXD
                                     32 	.globl _RXD
                                     33 	.globl _P3_7
                                     34 	.globl _P3_6
                                     35 	.globl _P3_5
                                     36 	.globl _P3_4
                                     37 	.globl _P3_3
                                     38 	.globl _P3_2
                                     39 	.globl _P3_1
                                     40 	.globl _P3_0
                                     41 	.globl _EA
                                     42 	.globl _ES
                                     43 	.globl _ET1
                                     44 	.globl _EX1
                                     45 	.globl _ET0
                                     46 	.globl _EX0
                                     47 	.globl _P2_7
                                     48 	.globl _P2_6
                                     49 	.globl _P2_5
                                     50 	.globl _P2_4
                                     51 	.globl _P2_3
                                     52 	.globl _P2_2
                                     53 	.globl _P2_1
                                     54 	.globl _P2_0
                                     55 	.globl _SM0
                                     56 	.globl _SM1
                                     57 	.globl _SM2
                                     58 	.globl _REN
                                     59 	.globl _TB8
                                     60 	.globl _RB8
                                     61 	.globl _TI
                                     62 	.globl _RI
                                     63 	.globl _P1_7
                                     64 	.globl _P1_6
                                     65 	.globl _P1_5
                                     66 	.globl _P1_4
                                     67 	.globl _P1_3
                                     68 	.globl _P1_2
                                     69 	.globl _P1_1
                                     70 	.globl _P1_0
                                     71 	.globl _TF1
                                     72 	.globl _TR1
                                     73 	.globl _TF0
                                     74 	.globl _TR0
                                     75 	.globl _IE1
                                     76 	.globl _IT1
                                     77 	.globl _IE0
                                     78 	.globl _IT0
                                     79 	.globl _P0_7
                                     80 	.globl _P0_6
                                     81 	.globl _P0_5
                                     82 	.globl _P0_4
                                     83 	.globl _P0_3
                                     84 	.globl _P0_2
                                     85 	.globl _P0_1
                                     86 	.globl _P0_0
                                     87 	.globl _B
                                     88 	.globl _ACC
                                     89 	.globl _PSW
                                     90 	.globl _IP
                                     91 	.globl _P3
                                     92 	.globl _IE
                                     93 	.globl _P2
                                     94 	.globl _SBUF
                                     95 	.globl _SCON
                                     96 	.globl _P1
                                     97 	.globl _TH1
                                     98 	.globl _TH0
                                     99 	.globl _TL1
                                    100 	.globl _TL0
                                    101 	.globl _TMOD
                                    102 	.globl _TCON
                                    103 	.globl _PCON
                                    104 	.globl _DPH
                                    105 	.globl _DPL
                                    106 	.globl _SP
                                    107 	.globl _P0
                                    108 	.globl _LED_Display
                                    109 ;--------------------------------------------------------
                                    110 ; special function registers
                                    111 ;--------------------------------------------------------
                                    112 	.area RSEG    (ABS,DATA)
      000000                        113 	.org 0x0000
                           000080   114 _P0	=	0x0080
                           000081   115 _SP	=	0x0081
                           000082   116 _DPL	=	0x0082
                           000083   117 _DPH	=	0x0083
                           000087   118 _PCON	=	0x0087
                           000088   119 _TCON	=	0x0088
                           000089   120 _TMOD	=	0x0089
                           00008A   121 _TL0	=	0x008a
                           00008B   122 _TL1	=	0x008b
                           00008C   123 _TH0	=	0x008c
                           00008D   124 _TH1	=	0x008d
                           000090   125 _P1	=	0x0090
                           000098   126 _SCON	=	0x0098
                           000099   127 _SBUF	=	0x0099
                           0000A0   128 _P2	=	0x00a0
                           0000A8   129 _IE	=	0x00a8
                           0000B0   130 _P3	=	0x00b0
                           0000B8   131 _IP	=	0x00b8
                           0000D0   132 _PSW	=	0x00d0
                           0000E0   133 _ACC	=	0x00e0
                           0000F0   134 _B	=	0x00f0
                                    135 ;--------------------------------------------------------
                                    136 ; special function bits
                                    137 ;--------------------------------------------------------
                                    138 	.area RSEG    (ABS,DATA)
      000000                        139 	.org 0x0000
                           000080   140 _P0_0	=	0x0080
                           000081   141 _P0_1	=	0x0081
                           000082   142 _P0_2	=	0x0082
                           000083   143 _P0_3	=	0x0083
                           000084   144 _P0_4	=	0x0084
                           000085   145 _P0_5	=	0x0085
                           000086   146 _P0_6	=	0x0086
                           000087   147 _P0_7	=	0x0087
                           000088   148 _IT0	=	0x0088
                           000089   149 _IE0	=	0x0089
                           00008A   150 _IT1	=	0x008a
                           00008B   151 _IE1	=	0x008b
                           00008C   152 _TR0	=	0x008c
                           00008D   153 _TF0	=	0x008d
                           00008E   154 _TR1	=	0x008e
                           00008F   155 _TF1	=	0x008f
                           000090   156 _P1_0	=	0x0090
                           000091   157 _P1_1	=	0x0091
                           000092   158 _P1_2	=	0x0092
                           000093   159 _P1_3	=	0x0093
                           000094   160 _P1_4	=	0x0094
                           000095   161 _P1_5	=	0x0095
                           000096   162 _P1_6	=	0x0096
                           000097   163 _P1_7	=	0x0097
                           000098   164 _RI	=	0x0098
                           000099   165 _TI	=	0x0099
                           00009A   166 _RB8	=	0x009a
                           00009B   167 _TB8	=	0x009b
                           00009C   168 _REN	=	0x009c
                           00009D   169 _SM2	=	0x009d
                           00009E   170 _SM1	=	0x009e
                           00009F   171 _SM0	=	0x009f
                           0000A0   172 _P2_0	=	0x00a0
                           0000A1   173 _P2_1	=	0x00a1
                           0000A2   174 _P2_2	=	0x00a2
                           0000A3   175 _P2_3	=	0x00a3
                           0000A4   176 _P2_4	=	0x00a4
                           0000A5   177 _P2_5	=	0x00a5
                           0000A6   178 _P2_6	=	0x00a6
                           0000A7   179 _P2_7	=	0x00a7
                           0000A8   180 _EX0	=	0x00a8
                           0000A9   181 _ET0	=	0x00a9
                           0000AA   182 _EX1	=	0x00aa
                           0000AB   183 _ET1	=	0x00ab
                           0000AC   184 _ES	=	0x00ac
                           0000AF   185 _EA	=	0x00af
                           0000B0   186 _P3_0	=	0x00b0
                           0000B1   187 _P3_1	=	0x00b1
                           0000B2   188 _P3_2	=	0x00b2
                           0000B3   189 _P3_3	=	0x00b3
                           0000B4   190 _P3_4	=	0x00b4
                           0000B5   191 _P3_5	=	0x00b5
                           0000B6   192 _P3_6	=	0x00b6
                           0000B7   193 _P3_7	=	0x00b7
                           0000B0   194 _RXD	=	0x00b0
                           0000B1   195 _TXD	=	0x00b1
                           0000B2   196 _INT0	=	0x00b2
                           0000B3   197 _INT1	=	0x00b3
                           0000B4   198 _T0	=	0x00b4
                           0000B5   199 _T1	=	0x00b5
                           0000B6   200 _WR	=	0x00b6
                           0000B7   201 _RD	=	0x00b7
                           0000B8   202 _PX0	=	0x00b8
                           0000B9   203 _PT0	=	0x00b9
                           0000BA   204 _PX1	=	0x00ba
                           0000BB   205 _PT1	=	0x00bb
                           0000BC   206 _PS	=	0x00bc
                           0000D0   207 _P	=	0x00d0
                           0000D1   208 _F1	=	0x00d1
                           0000D2   209 _OV	=	0x00d2
                           0000D3   210 _RS0	=	0x00d3
                           0000D4   211 _RS1	=	0x00d4
                           0000D5   212 _F0	=	0x00d5
                           0000D6   213 _AC	=	0x00d6
                           0000D7   214 _CY	=	0x00d7
                                    215 ;--------------------------------------------------------
                                    216 ; overlayable register banks
                                    217 ;--------------------------------------------------------
                                    218 	.area REG_BANK_0	(REL,OVR,DATA)
      000000                        219 	.ds 8
                                    220 ;--------------------------------------------------------
                                    221 ; internal ram data
                                    222 ;--------------------------------------------------------
                                    223 	.area DSEG    (DATA)
                                    224 ;--------------------------------------------------------
                                    225 ; overlayable items in internal ram 
                                    226 ;--------------------------------------------------------
                                    227 	.area	OSEG    (OVR,DATA)
      000000                        228 _LED_Display_PARM_2:
      000000                        229 	.ds 3
      000003                        230 _LED_Display_table_65536_2:
      000003                        231 	.ds 3
                                    232 ;--------------------------------------------------------
                                    233 ; indirectly addressable internal ram data
                                    234 ;--------------------------------------------------------
                                    235 	.area ISEG    (DATA)
                                    236 ;--------------------------------------------------------
                                    237 ; absolute internal ram data
                                    238 ;--------------------------------------------------------
                                    239 	.area IABS    (ABS,DATA)
                                    240 	.area IABS    (ABS,DATA)
                                    241 ;--------------------------------------------------------
                                    242 ; bit data
                                    243 ;--------------------------------------------------------
                                    244 	.area BSEG    (BIT)
                                    245 ;--------------------------------------------------------
                                    246 ; paged external ram data
                                    247 ;--------------------------------------------------------
                                    248 	.area PSEG    (PAG,XDATA)
                                    249 ;--------------------------------------------------------
                                    250 ; external ram data
                                    251 ;--------------------------------------------------------
                                    252 	.area XSEG    (XDATA)
                                    253 ;--------------------------------------------------------
                                    254 ; absolute external ram data
                                    255 ;--------------------------------------------------------
                                    256 	.area XABS    (ABS,XDATA)
                                    257 ;--------------------------------------------------------
                                    258 ; external initialized ram data
                                    259 ;--------------------------------------------------------
                                    260 	.area XISEG   (XDATA)
                                    261 	.area HOME    (CODE)
                                    262 	.area GSINIT0 (CODE)
                                    263 	.area GSINIT1 (CODE)
                                    264 	.area GSINIT2 (CODE)
                                    265 	.area GSINIT3 (CODE)
                                    266 	.area GSINIT4 (CODE)
                                    267 	.area GSINIT5 (CODE)
                                    268 	.area GSINIT  (CODE)
                                    269 	.area GSFINAL (CODE)
                                    270 	.area CSEG    (CODE)
                                    271 ;--------------------------------------------------------
                                    272 ; global & static initialisations
                                    273 ;--------------------------------------------------------
                                    274 	.area HOME    (CODE)
                                    275 	.area GSINIT  (CODE)
                                    276 	.area GSFINAL (CODE)
                                    277 	.area GSINIT  (CODE)
                                    278 ;--------------------------------------------------------
                                    279 ; Home
                                    280 ;--------------------------------------------------------
                                    281 	.area HOME    (CODE)
                                    282 	.area HOME    (CODE)
                                    283 ;--------------------------------------------------------
                                    284 ; code
                                    285 ;--------------------------------------------------------
                                    286 	.area CSEG    (CODE)
                                    287 ;------------------------------------------------------------
                                    288 ;Allocation info for local variables in function 'LED_Display'
                                    289 ;------------------------------------------------------------
                                    290 ;num                       Allocated with name '_LED_Display_PARM_2'
                                    291 ;table                     Allocated with name '_LED_Display_table_65536_2'
                                    292 ;i                         Allocated to registers r3 r4 
                                    293 ;j                         Allocated to registers r6 r7 
                                    294 ;------------------------------------------------------------
                                    295 ;	LED_Display.c:3: void LED_Display(short table[], short num[]) {
                                    296 ;	-----------------------------------------
                                    297 ;	 function LED_Display
                                    298 ;	-----------------------------------------
      000000                        299 _LED_Display:
                           000007   300 	ar7 = 0x07
                           000006   301 	ar6 = 0x06
                           000005   302 	ar5 = 0x05
                           000004   303 	ar4 = 0x04
                           000003   304 	ar3 = 0x03
                           000002   305 	ar2 = 0x02
                           000001   306 	ar1 = 0x01
                           000000   307 	ar0 = 0x00
      000000 85 82*03         [24]  308 	mov	_LED_Display_table_65536_2,dpl
      000003 85 83*04         [24]  309 	mov	(_LED_Display_table_65536_2 + 1),dph
      000006 85 F0*05         [24]  310 	mov	(_LED_Display_table_65536_2 + 2),b
                                    311 ;	LED_Display.c:4: for(short i = 0; i < 4; i++) {
      000009 7B 00            [12]  312 	mov	r3,#0x00
      00000B 7C 00            [12]  313 	mov	r4,#0x00
      00000D                        314 00107$:
      00000D C3               [12]  315 	clr	c
      00000E EB               [12]  316 	mov	a,r3
      00000F 94 04            [12]  317 	subb	a,#0x04
      000011 EC               [12]  318 	mov	a,r4
      000012 64 80            [12]  319 	xrl	a,#0x80
      000014 94 80            [12]  320 	subb	a,#0x80
      000016 50 4D            [24]  321 	jnc	00109$
                                    322 ;	LED_Display.c:5: P1  = table[i] + num[i];
      000018 EB               [12]  323 	mov	a,r3
      000019 2B               [12]  324 	add	a,r3
      00001A F9               [12]  325 	mov	r1,a
      00001B EC               [12]  326 	mov	a,r4
      00001C 33               [12]  327 	rlc	a
      00001D FA               [12]  328 	mov	r2,a
      00001E E9               [12]  329 	mov	a,r1
      00001F 25*03            [12]  330 	add	a,_LED_Display_table_65536_2
      000021 F8               [12]  331 	mov	r0,a
      000022 EA               [12]  332 	mov	a,r2
      000023 35*04            [12]  333 	addc	a,(_LED_Display_table_65536_2 + 1)
      000025 FE               [12]  334 	mov	r6,a
      000026 AF*05            [24]  335 	mov	r7,(_LED_Display_table_65536_2 + 2)
      000028 88 82            [24]  336 	mov	dpl,r0
      00002A 8E 83            [24]  337 	mov	dph,r6
      00002C 8F F0            [24]  338 	mov	b,r7
      00002E 12r00r00         [24]  339 	lcall	__gptrget
      000031 F8               [12]  340 	mov	r0,a
      000032 E9               [12]  341 	mov	a,r1
      000033 25*00            [12]  342 	add	a,_LED_Display_PARM_2
      000035 F9               [12]  343 	mov	r1,a
      000036 EA               [12]  344 	mov	a,r2
      000037 35*01            [12]  345 	addc	a,(_LED_Display_PARM_2 + 1)
      000039 FA               [12]  346 	mov	r2,a
      00003A AF*02            [24]  347 	mov	r7,(_LED_Display_PARM_2 + 2)
      00003C 89 82            [24]  348 	mov	dpl,r1
      00003E 8A 83            [24]  349 	mov	dph,r2
      000040 8F F0            [24]  350 	mov	b,r7
      000042 12r00r00         [24]  351 	lcall	__gptrget
      000045 28               [12]  352 	add	a,r0
      000046 F5 90            [12]  353 	mov	_P1,a
                                    354 ;	LED_Display.c:6: for(int j = 0; j < 1000; j++){}
      000048 7E 00            [12]  355 	mov	r6,#0x00
      00004A 7F 00            [12]  356 	mov	r7,#0x00
      00004C                        357 00104$:
      00004C C3               [12]  358 	clr	c
      00004D EE               [12]  359 	mov	a,r6
      00004E 94 E8            [12]  360 	subb	a,#0xe8
      000050 EF               [12]  361 	mov	a,r7
      000051 64 80            [12]  362 	xrl	a,#0x80
      000053 94 83            [12]  363 	subb	a,#0x83
      000055 50 07            [24]  364 	jnc	00108$
      000057 0E               [12]  365 	inc	r6
      000058 BE 00 F1         [24]  366 	cjne	r6,#0x00,00104$
      00005B 0F               [12]  367 	inc	r7
      00005C 80 EE            [24]  368 	sjmp	00104$
      00005E                        369 00108$:
                                    370 ;	LED_Display.c:4: for(short i = 0; i < 4; i++) {
      00005E 0B               [12]  371 	inc	r3
      00005F BB 00 AB         [24]  372 	cjne	r3,#0x00,00107$
      000062 0C               [12]  373 	inc	r4
      000063 80 A8            [24]  374 	sjmp	00107$
      000065                        375 00109$:
                                    376 ;	LED_Display.c:8: }
      000065 22               [24]  377 	ret
                                    378 	.area CSEG    (CODE)
                                    379 	.area CONST   (CODE)
                                    380 	.area XINIT   (CODE)
                                    381 	.area CABS    (ABS,CODE)
